<?xml version="1.0" encoding="UTF-8"?>
<testsuites name="TestAll" time="12" tests="1" failures="0" errors="0">
   <testsuite name="TestAll" tests="1" failures="0" errors="0" time="12" timestamp="2018-05-10 23:16:26" hostname="frong - 10.80.187.28" id="Test Suites/TestAll">
      <properties>
         <property name="deviceName" value=""/>
         <property name="devicePlatform" value=""/>
         <property name="logFolder" value="C:\\Users\\frong\\git\\234project-katalon\\Reports\\TestAll\\20180510_231625"/>
         <property name="logFiles" value="C:\\Users\\frong\\git\\234project-katalon\\Reports\\TestAll\\20180510_231625\\execution0.log"/>
         <property name="attachments" value=""/>
         <property name="hostName" value="frong - 10.80.187.28"/>
         <property name="os" value="Windows 10 64bit"/>
         <property name="katalonVersion" value="5.4.1.1"/>
         <property name="browser" value="Chrome 66.0.3359.139"/>
         <property name="hostAddress" value="10.80.187.28"/>
         <property name="sessionId" value="63f6c13df8e6246e7d6f181e122cbefe"/>
         <property name="seleniumVersion" value="3.7.1"/>
         <property name="proxyInformation" value="ProxyInformation{proxyOption=NO_PROXY, proxyServerType=HTTP, password=, proxyServerAddress=, proxyServerPort=0}"/>
         <property name="platform" value="Windows 10"/>
      </properties>
      <testcase name="Test Cases/Test user selecte product" classname="Test Cases/Test user selecte product" status="PASSED">
         <system-out><![CDATA[2018-05-10 23:16:26 - [TEST_CASE][PASSED] - Test Cases/Test user selecte product: Test Cases/Test user selecte product

2018-05-10 23:16:27 - [TEST_STEP][PASSED] - openBrowser: Browser is opened with url: ''

2018-05-10 23:16:30 - [MESSAGE][PASSED] - Browser is opened with url: ''

2018-05-10 23:16:30 - [TEST_STEP][PASSED] - navigateToUrl: Navigate to 'http://34.208.44.70:8087/' successfully

2018-05-10 23:16:36 - [MESSAGE][PASSED] - Navigate to 'http://34.208.44.70:8087/' successfully

2018-05-10 23:16:36 - [TEST_STEP][PASSED] - setText: Text 'user' is set on object 'Object Repository/Test user select product/Page_ProjectBackend/input_username'

2018-05-10 23:16:36 - [MESSAGE][PASSED] - Text 'user' is set on object 'Object Repository/Test user select product/Page_ProjectBackend/input_username'

2018-05-10 23:16:36 - [TEST_STEP][PASSED] - setText: Text 'user' is set on object 'Object Repository/Test user select product/Page_ProjectBackend/input_password'

2018-05-10 23:16:36 - [MESSAGE][PASSED] - Text 'user' is set on object 'Object Repository/Test user select product/Page_ProjectBackend/input_password'

2018-05-10 23:16:36 - [TEST_STEP][PASSED] - click: Object: 'Object Repository/Test user select product/Page_ProjectBackend/button_Login' is clicked on

2018-05-10 23:16:36 - [MESSAGE][PASSED] - Object: 'Object Repository/Test user select product/Page_ProjectBackend/button_Login' is clicked on

2018-05-10 23:16:36 - [TEST_STEP][PASSED] - click: Object: 'Object Repository/Test user select product/Page_ProjectBackend/button_add to cart' is clicked on

2018-05-10 23:16:37 - [MESSAGE][PASSED] - Object: 'Object Repository/Test user select product/Page_ProjectBackend/button_add to cart' is clicked on

2018-05-10 23:16:37 - [TEST_STEP][PASSED] - verifyElementText: Actual text and expected text of test object 'Object Repository/Test user select product/Page_ProjectBackend/button_add to cart - already added' are matched.

2018-05-10 23:16:37 - [MESSAGE][PASSED] - Actual text and expected text of test object 'Object Repository/Test user select product/Page_ProjectBackend/button_add to cart - already added' are matched.

2018-05-10 23:16:37 - [TEST_STEP][PASSED] - closeBrowser: Browser is closed

2018-05-10 23:16:38 - [MESSAGE][PASSED] - Browser is closed]]></system-out>
         <system-err><![CDATA[]]></system-err>
      </testcase>
      <system-out><![CDATA[2018-05-10 23:16:26 - [TEST_SUITE][PASSED] - TestAll: Test Cases/Test user selecte product]]></system-out>
      <system-err><![CDATA[]]></system-err>
   </testsuite>
</testsuites>
